This is pdfTeX, Version 3.14159265-2.6-1.40.16 (MiKTeX 2.9 64-bit) (preloaded format=pdflatex 2016.2.10)  29 APR 2016 14:57
entering extended mode
**bibx_report/bibx_report.tex
(bibx_report/bibx_report.tex
LaTeX2e <2015/01/01> patch level 2
Babel <3.9m> and hyphenation patterns for 69 languages loaded.
("C:\Program Files\MiKTeX 2.9\tex\latex\base\article.cls"
Document Class: article 2014/09/29 v1.4h Standard LaTeX document class
("C:\Program Files\MiKTeX 2.9\tex\latex\base\size10.clo"
File: size10.clo 2014/09/29 v1.4h Standard LaTeX file (size option)
)
\c@part=\count79
\c@section=\count80
\c@subsection=\count81
\c@subsubsection=\count82
\c@paragraph=\count83
\c@subparagraph=\count84
\c@figure=\count85
\c@table=\count86
\abovecaptionskip=\skip41
\belowcaptionskip=\skip42
\bibindent=\dimen102
) ("C:\Program Files\MiKTeX 2.9\tex\latex\booktabs\booktabs.sty"
Package: booktabs 2005/04/14 v1.61803 publication quality tables
\heavyrulewidth=\dimen103
\lightrulewidth=\dimen104
\cmidrulewidth=\dimen105
\belowrulesep=\dimen106
\belowbottomsep=\dimen107
\aboverulesep=\dimen108
\abovetopsep=\dimen109
\cmidrulesep=\dimen110
\cmidrulekern=\dimen111
\defaultaddspace=\dimen112
\@cmidla=\count87
\@cmidlb=\count88
\@aboverulesep=\dimen113
\@belowrulesep=\dimen114
\@thisruleclass=\count89
\@lastruleclass=\count90
\@thisrulewidth=\dimen115
) ("C:\Program Files\MiKTeX 2.9\tex\latex\tools\dcolumn.sty"
Package: dcolumn 2014/10/28 v1.06 decimal alignment package (DPC)
("C:\Program Files\MiKTeX 2.9\tex\latex\tools\array.sty"
Package: array 2014/10/28 v2.4c Tabular extension package (FMi)
\col@sep=\dimen116
\extrarowheight=\dimen117
\NC@list=\toks14
\extratabsurround=\skip43
\backup@length=\skip44
)) ("C:\Program Files\MiKTeX 2.9\tex\latex\tools\multicol.sty"
Package: multicol 2015/03/31 v1.8m multicolumn formatting (FMi)
\c@tracingmulticols=\count91
\mult@box=\box26
\multicol@leftmargin=\dimen118
\c@unbalance=\count92
\c@collectmore=\count93
\doublecol@number=\count94
\multicoltolerance=\count95
\multicolpretolerance=\count96
\full@width=\dimen119
\page@free=\dimen120
\premulticols=\dimen121
\postmulticols=\dimen122
\multicolsep=\skip45
\multicolbaselineskip=\skip46
\partial@page=\box27
\last@line=\box28
\maxbalancingoverflow=\dimen123
\mult@rightbox=\box29
\mult@grightbox=\box30
\mult@gfirstbox=\box31
\mult@firstbox=\box32
\@tempa=\box33
\@tempa=\box34
\@tempa=\box35
\@tempa=\box36
\@tempa=\box37
\@tempa=\box38
\@tempa=\box39
\@tempa=\box40
\@tempa=\box41
\@tempa=\box42
\@tempa=\box43
\@tempa=\box44
\@tempa=\box45
\@tempa=\box46
\@tempa=\box47
\@tempa=\box48
\@tempa=\box49
\c@columnbadness=\count97
\c@finalcolumnbadness=\count98
\last@try=\dimen124
\multicolovershoot=\dimen125
\multicolundershoot=\dimen126
\mult@nat@firstbox=\box50
\colbreak@box=\box51
\mc@col@check@num=\count99
) ("C:\Program Files\MiKTeX 2.9\tex\latex\ltxmisc\parskip.sty"
Package: parskip 2001/04/09 non-zero parskip adjustments
) ("C:\Program Files\MiKTeX 2.9\tex\latex\graphics\graphicx.sty"
Package: graphicx 2014/10/28 v1.0g Enhanced LaTeX Graphics (DPC,SPQR)
("C:\Program Files\MiKTeX 2.9\tex\latex\graphics\keyval.sty"
Package: keyval 2014/10/28 v1.15 key=value parser (DPC)
\KV@toks@=\toks15
) ("C:\Program Files\MiKTeX 2.9\tex\latex\graphics\graphics.sty"
Package: graphics 2014/10/28 v1.0p Standard LaTeX Graphics (DPC,SPQR)
("C:\Program Files\MiKTeX 2.9\tex\latex\graphics\trig.sty"
Package: trig 1999/03/16 v1.09 sin cos tan (DPC)
) ("C:\Program Files\MiKTeX 2.9\tex\latex\00miktex\graphics.cfg"
File: graphics.cfg 2007/01/18 v1.5 graphics configuration of teTeX/TeXLive
)
Package graphics Info: Driver file: pdftex.def on input line 94.
("C:\Program Files\MiKTeX 2.9\tex\latex\pdftex-def\pdftex.def"
File: pdftex.def 2011/05/27 v0.06d Graphics/color for pdfTeX
("C:\Program Files\MiKTeX 2.9\tex\generic\oberdiek\infwarerr.sty"
Package: infwarerr 2010/04/08 v1.3 Providing info/warning/error messages (HO)
) ("C:\Program Files\MiKTeX 2.9\tex\generic\oberdiek\ltxcmds.sty"
Package: ltxcmds 2011/11/09 v1.22 LaTeX kernel commands for general use (HO)
)
\Gread@gobject=\count100
))
\Gin@req@height=\dimen127
\Gin@req@width=\dimen128
) ("C:\Program Files\MiKTeX 2.9\tex\latex\graphics\color.sty"
Package: color 2014/10/28 v1.1a Standard LaTeX Color (DPC)
("C:\Program Files\MiKTeX 2.9\tex\latex\00miktex\color.cfg"
File: color.cfg 2007/01/18 v1.5 color configuration of teTeX/TeXLive
)
Package color Info: Driver file: pdftex.def on input line 142.
) ("C:\Program Files\MiKTeX 2.9\tex\latex\soul\soul.sty"
Package: soul 2003/11/17 v2.4 letterspacing/underlining (mf)
\SOUL@word=\toks16
\SOUL@lasttoken=\toks17
\SOUL@cmds=\toks18
\SOUL@buffer=\toks19
\SOUL@token=\toks20
\SOUL@spaceskip=\skip47
\SOUL@ttwidth=\dimen129
\SOUL@uldp=\dimen130
\SOUL@ulht=\dimen131
) ("C:\Program Files\MiKTeX 2.9\tex\latex\datetime\datetime.sty"
Package: datetime 2015/03/20 v2.60 Date Time Package
("C:\Program Files\MiKTeX 2.9\tex\latex\etoolbox\etoolbox.sty"
Package: etoolbox 2015/08/02 v2.2a e-TeX tools for LaTeX (JAW)
\etb@tempcnta=\count101
) ("C:\Program Files\MiKTeX 2.9\tex\latex\fmtcount\fmtcount.sty"
Package: fmtcount 2015/05/05 v3.01
("C:\Program Files\MiKTeX 2.9\tex\latex\base\ifthen.sty"
Package: ifthen 2014/09/29 v1.1c Standard LaTeX ifthen package (DPC)
) ("C:\Program Files\MiKTeX 2.9\tex\latex\xkeyval\xkeyval.sty"
Package: xkeyval 2014/12/03 v2.7a package option processing (HA)
("C:\Program Files\MiKTeX 2.9\tex\generic\xkeyval\xkeyval.tex" ("C:\Program Fil
es\MiKTeX 2.9\tex\generic\xkeyval\xkvutils.tex"
\XKV@toks=\toks21
\XKV@tempa@toks=\toks22
)
\XKV@depth=\count102
File: xkeyval.tex 2014/12/03 v2.7a key=value parser (HA)
)) ("C:\Program Files\MiKTeX 2.9\tex\latex\fmtcount\fcprefix.sty"
Package: fcprefix 2012/09/28
("C:\Program Files\MiKTeX 2.9\tex\latex\fmtcount\fcnumparser.sty"
Package: fcnumparser 2012/09/28
\fc@digit@counter=\count103
)) ("C:\Program Files\MiKTeX 2.9\tex\generic\ifxetex\ifxetex.sty"
Package: ifxetex 2010/09/12 v0.6 Provides ifxetex conditional
) ("C:\Program Files\MiKTeX 2.9\tex\latex\amsmath\amsgen.sty"
File: amsgen.sty 1999/11/30 v2.0
\@emptytoks=\toks23
\ex@=\dimen132
)
\c@padzeroesN=\count104
\fc@tmpcatcode=\count105
\@DT@modctr=\count106
\@ordinalctr=\count107
\@orgargctr=\count108
\@strctr=\count109
\@tmpstrctr=\count110
\@DT@loopN=\count111
\@DT@X=\count112
("C:\Program Files\MiKTeX 2.9\tex\latex\fmtcount\fc-english.def"
File: fc-english.def 2013/08/17
)) ("C:\Program Files\MiKTeX 2.9\tex\latex\datetime\datetime-defaults.sty"
Package: datetime-defaults 2013/09/10
)
\@day=\count113
\@month=\count114
\@year=\count115
\c@HOUR=\count116
\c@HOURXII=\count117
\c@MINUTE=\count118
\c@TOHOUR=\count119
\c@TOMINUTE=\count120
\c@SECOND=\count121
\currenthour=\count122
\currentminute=\count123
\currentsecond=\count124
Package datetime Info: No datetime.cfg file found, using default settings on in
put line 308.
\@dtctr=\count125
\dayofyear=\count126
\dayofweek=\count127
LaTeX Info: Redefining \today on input line 736.
\dt@a=\toks24
\dt@b=\toks25
) ("C:\Program Files\MiKTeX 2.9\tex\latex\tocloft\tocloft.sty"
Package: tocloft 2013/05/02 v2.3f parameterised ToC, etc., typesetting
Package tocloft Info: The document has section divisions on input line 44.
\cftparskip=\skip48
\cftbeforetoctitleskip=\skip49
\cftaftertoctitleskip=\skip50
\cftbeforepartskip=\skip51
\cftpartnumwidth=\skip52
\cftpartindent=\skip53
\cftbeforesecskip=\skip54
\cftsecindent=\skip55
\cftsecnumwidth=\skip56
\cftbeforesubsecskip=\skip57
\cftsubsecindent=\skip58
\cftsubsecnumwidth=\skip59
\cftbeforesubsubsecskip=\skip60
\cftsubsubsecindent=\skip61
\cftsubsubsecnumwidth=\skip62
\cftbeforeparaskip=\skip63
\cftparaindent=\skip64
\cftparanumwidth=\skip65
\cftbeforesubparaskip=\skip66
\cftsubparaindent=\skip67
\cftsubparanumwidth=\skip68
\cftbeforeloftitleskip=\skip69
\cftafterloftitleskip=\skip70
\cftbeforefigskip=\skip71
\cftfigindent=\skip72
\cftfignumwidth=\skip73
\c@lofdepth=\count128
\c@lotdepth=\count129
\cftbeforelottitleskip=\skip74
\cftafterlottitleskip=\skip75
\cftbeforetabskip=\skip76
\cfttabindent=\skip77
\cfttabnumwidth=\skip78
) ("C:\Program Files\MiKTeX 2.9\tex\latex\float\float.sty"
Package: float 2001/11/08 v1.3d Float enhancements (AL)
\c@float@type=\count130
\float@exts=\toks26
\float@box=\box52
\@float@everytoks=\toks27
\@floatcapt=\box53
) ("C:\Program Files\MiKTeX 2.9\tex\latex\hyperref\hyperref.sty"
Package: hyperref 2012/11/06 v6.83m Hypertext links for LaTeX
("C:\Program Files\MiKTeX 2.9\tex\generic\oberdiek\hobsub-hyperref.sty"
Package: hobsub-hyperref 2012/04/25 v1.12 Bundle oberdiek, subset hyperref (HO)

("C:\Program Files\MiKTeX 2.9\tex\generic\oberdiek\hobsub-generic.sty"
Package: hobsub-generic 2012/04/25 v1.12 Bundle oberdiek, subset generic (HO)
Package: hobsub 2012/04/25 v1.12 Construct package bundles (HO)
Package hobsub Info: Skipping package `infwarerr' (already loaded).
Package hobsub Info: Skipping package `ltxcmds' (already loaded).
Package: ifluatex 2010/03/01 v1.3 Provides the ifluatex switch (HO)
Package ifluatex Info: LuaTeX not detected.
Package: ifvtex 2010/03/01 v1.5 Detect VTeX and its facilities (HO)
Package ifvtex Info: VTeX not detected.
Package: intcalc 2007/09/27 v1.1 Expandable calculations with integers (HO)
Package: ifpdf 2011/01/30 v2.3 Provides the ifpdf switch (HO)
Package ifpdf Info: pdfTeX in PDF mode is detected.
Package: etexcmds 2011/02/16 v1.5 Avoid name clashes with e-TeX commands (HO)
Package etexcmds Info: Could not find \expanded.
(etexcmds)             That can mean that you are not using pdfTeX 1.50 or
(etexcmds)             that some package has redefined \expanded.
(etexcmds)             In the latter case, load this package earlier.
Package: kvsetkeys 2012/04/25 v1.16 Key value parser (HO)
Package: kvdefinekeys 2011/04/07 v1.3 Define keys (HO)
Package: pdftexcmds 2011/11/29 v0.20 Utility functions of pdfTeX for LuaTeX (HO
)
Package pdftexcmds Info: LuaTeX not detected.
Package pdftexcmds Info: \pdf@primitive is available.
Package pdftexcmds Info: \pdf@ifprimitive is available.
Package pdftexcmds Info: \pdfdraftmode found.
Package: pdfescape 2011/11/25 v1.13 Implements pdfTeX's escape features (HO)
Package: bigintcalc 2012/04/08 v1.3 Expandable calculations on big integers (HO
)
Package: bitset 2011/01/30 v1.1 Handle bit-vector datatype (HO)
Package: uniquecounter 2011/01/30 v1.2 Provide unlimited unique counter (HO)
)
Package hobsub Info: Skipping package `hobsub' (already loaded).
Package: letltxmacro 2010/09/02 v1.4 Let assignment for LaTeX macros (HO)
Package: hopatch 2011/06/24 v1.1 Wrapper for package hooks (HO)
Package: xcolor-patch 2011/01/30 xcolor patch
Package: atveryend 2011/06/30 v1.8 Hooks at the very end of document (HO)
Package: atbegshi 2011/10/05 v1.16 At begin shipout hook (HO)
Package: refcount 2011/10/16 v3.4 Data extraction from label references (HO)
Package: hycolor 2011/01/30 v1.7 Color options for hyperref/bookmark (HO)
) ("C:\Program Files\MiKTeX 2.9\tex\latex\oberdiek\auxhook.sty"
Package: auxhook 2011/03/04 v1.3 Hooks for auxiliary files (HO)
) ("C:\Program Files\MiKTeX 2.9\tex\latex\oberdiek\kvoptions.sty"
Package: kvoptions 2011/06/30 v3.11 Key value format for package options (HO)
)
\@linkdim=\dimen133
\Hy@linkcounter=\count131
\Hy@pagecounter=\count132
("C:\Program Files\MiKTeX 2.9\tex\latex\hyperref\pd1enc.def"
File: pd1enc.def 2012/11/06 v6.83m Hyperref: PDFDocEncoding definition (HO)
)
\Hy@SavedSpaceFactor=\count133
("C:\Program Files\MiKTeX 2.9\tex\latex\00miktex\hyperref.cfg"
File: hyperref.cfg 2002/06/06 v1.2 hyperref configuration of TeXLive
)
Package hyperref Info: Option `colorlinks' set `true' on input line 4319.
Package hyperref Info: Hyper figures OFF on input line 4443.
Package hyperref Info: Link nesting OFF on input line 4448.
Package hyperref Info: Hyper index ON on input line 4451.
Package hyperref Info: Plain pages OFF on input line 4458.
Package hyperref Info: Backreferencing OFF on input line 4463.
Package hyperref Info: Implicit mode ON; LaTeX internals redefined.
Package hyperref Info: Bookmarks ON on input line 4688.
\c@Hy@tempcnt=\count134
("C:\Program Files\MiKTeX 2.9\tex\latex\url\url.sty"
\Urlmuskip=\muskip10
Package: url 2013/09/16  ver 3.4  Verb mode for urls, etc.
)
LaTeX Info: Redefining \url on input line 5041.
\XeTeXLinkMargin=\dimen134
\Fld@menulength=\count135
\Field@Width=\dimen135
\Fld@charsize=\dimen136
Package hyperref Info: Hyper figures OFF on input line 6295.
Package hyperref Info: Link nesting OFF on input line 6300.
Package hyperref Info: Hyper index ON on input line 6303.
Package hyperref Info: backreferencing OFF on input line 6310.
Package hyperref Info: Link coloring ON on input line 6313.
Package hyperref Info: Link coloring with OCG OFF on input line 6320.
Package hyperref Info: PDF/A mode OFF on input line 6325.
LaTeX Info: Redefining \ref on input line 6365.
LaTeX Info: Redefining \pageref on input line 6369.
\Hy@abspage=\count136
\c@Item=\count137
\c@Hfootnote=\count138
)

Package hyperref Message: Driver (autodetected): hpdftex.

("C:\Program Files\MiKTeX 2.9\tex\latex\hyperref\hpdftex.def"
File: hpdftex.def 2012/11/06 v6.83m Hyperref driver for pdfTeX
\Fld@listcount=\count139
\c@bookmark@seq@number=\count140
("C:\Program Files\MiKTeX 2.9\tex\latex\oberdiek\rerunfilecheck.sty"
Package: rerunfilecheck 2011/04/15 v1.7 Rerun checks for auxiliary files (HO)
Package uniquecounter Info: New unique counter `rerunfilecheck' on input line 2
82.
)
\Hy@SectionHShift=\skip79
) (D:\Dropbox\Omat\DSc\Wos\bibx_report\bibx_report.aux)
LaTeX Font Info:    Checking defaults for OML/cmm/m/it on input line 8.
LaTeX Font Info:    ... okay on input line 8.
LaTeX Font Info:    Checking defaults for T1/cmr/m/n on input line 8.
LaTeX Font Info:    ... okay on input line 8.
LaTeX Font Info:    Checking defaults for OT1/cmr/m/n on input line 8.
LaTeX Font Info:    ... okay on input line 8.
LaTeX Font Info:    Checking defaults for OMS/cmsy/m/n on input line 8.
LaTeX Font Info:    ... okay on input line 8.
LaTeX Font Info:    Checking defaults for OMX/cmex/m/n on input line 8.
LaTeX Font Info:    ... okay on input line 8.
LaTeX Font Info:    Checking defaults for U/cmr/m/n on input line 8.
LaTeX Font Info:    ... okay on input line 8.
LaTeX Font Info:    Checking defaults for PD1/pdf/m/n on input line 8.
LaTeX Font Info:    ... okay on input line 8.
("C:\Program Files\MiKTeX 2.9\tex\context\base\supp-pdf.mkii"
[Loading MPS to PDF converter (version 2006.09.02).]
\scratchcounter=\count141
\scratchdimen=\dimen137
\scratchbox=\box54
\nofMPsegments=\count142
\nofMParguments=\count143
\everyMPshowfont=\toks28
\MPscratchCnt=\count144
\MPscratchDim=\dimen138
\MPnumerator=\count145
\makeMPintoPDFobject=\count146
\everyMPtoPDFconversion=\toks29
)
\AtBeginShipoutBox=\box55
Package hyperref Info: Link coloring ON on input line 8.
("C:\Program Files\MiKTeX 2.9\tex\latex\hyperref\nameref.sty"
Package: nameref 2012/10/27 v2.43 Cross-referencing by name of section
("C:\Program Files\MiKTeX 2.9\tex\generic\oberdiek\gettitlestring.sty"
Package: gettitlestring 2010/12/03 v1.4 Cleanup title references (HO)
)
\c@section@level=\count147
)
LaTeX Info: Redefining \ref on input line 8.
LaTeX Info: Redefining \pageref on input line 8.
LaTeX Info: Redefining \nameref on input line 8.
(D:\Dropbox\Omat\DSc\Wos\bibx_report\bibx_report.out) (D:\Dropbox\Omat\DSc\Wos\
bibx_report\bibx_report.out)
\@outlinefile=\write3
LaTeX Font Info:    External font `cmex10' loaded for size
(Font)              <14.4> on input line 21.
LaTeX Font Info:    External font `cmex10' loaded for size
(Font)              <7> on input line 21.
LaTeX Font Info:    External font `cmex10' loaded for size
(Font)              <8> on input line 21.
LaTeX Font Info:    External font `cmex10' loaded for size
(Font)              <6> on input line 21.
LaTeX Font Info:    External font `cmex10' loaded for size
(Font)              <5> on input line 21.
[1

{C:/Users/Mikko/AppData/Local/MiKTeX/2.9/pdftex/config/pdftex.map}] [2

] (D:\Dropbox\Omat\DSc\Wos\bibx_report\bibx_report.toc)
\tf@toc=\write4
[1

]pdfTeX warning (ext4): destination with the same identifier (name{page.1}) has
 been already used, duplicate ignored
<to be read again> 
                   \relax 
l.82 \clearpage
                [1

] <report_files/bibx_report_bar-years.pdf, id=120, 722.7pt x 397.485pt>
File: report_files/bibx_report_bar-years.pdf Graphic file (type pdf)
<use report_files/bibx_report_bar-years.pdf>
Package pdftex.def Info: report_files/bibx_report_bar-years.pdf used on input l
ine 122.
(pdftex.def)             Requested size: 345.0pt x 189.74742pt.
pdfTeX warning (ext4): destination with the same identifier (name{page.2}) has 
been already used, duplicate ignored
<to be read again> 
                   \relax 
l.126 \clearpage
                 [2

 <D:/Dropbox/Omat/DSc/Wos/bibx_report/report_files/bibx_report_bar-years.pdf>] 
<report_files/bibx_report_pie-type.pdf, id=133, 578.16pt x 578.16pt>
File: report_files/bibx_report_pie-type.pdf Graphic file (type pdf)
<use report_files/bibx_report_pie-type.pdf>
Package pdftex.def Info: report_files/bibx_report_pie-type.pdf used on input li
ne 149.
(pdftex.def)             Requested size: 258.75pt x 258.74925pt.
[3

 <D:/Dropbox/Omat/DSc/Wos/bibx_report/report_files/bibx_report_pie-type.pdf>]
Underfull \hbox (badness 1810) in paragraph at lines 176--176
[]|\OT1/cmr/m/n/8 Academy of man-age-
 []


Underfull \hbox (badness 1810) in paragraph at lines 176--176
[]|\OT1/cmr/m/n/8 Academy of man-age-
 []


Underfull \hbox (badness 1810) in paragraph at lines 176--176
[]|\OT1/cmr/m/n/8 Academy of man-age-
 []


Underfull \hbox (badness 1810) in paragraph at lines 176--176
[]|\OT1/cmr/m/n/8 Academy of man-age-
 []


Underfull \hbox (badness 3635) in paragraph at lines 176--176
[]|\OT1/cmr/m/n/8 Journal of in-dus-trial
 []


Underfull \hbox (badness 3229) in paragraph at lines 176--176
[]|[]\OT1/cmr/m/n/8 Minbaeva, Ped-er-sen, Bjork-
 []


Underfull \hbox (badness 10000) in paragraph at lines 176--176
[]|\OT1/cmr/m/n/8 Journal of in-ter-na-
 []

[4] <report_files/bibx_report_bar-author-count.pdf, id=151, 722.7pt x 397.485pt
>
File: report_files/bibx_report_bar-author-count.pdf Graphic file (type pdf)
<use report_files/bibx_report_bar-author-count.pdf>
Package pdftex.def Info: report_files/bibx_report_bar-author-count.pdf used on 
input line 201.
(pdftex.def)             Requested size: 345.0pt x 189.74742pt.
[5


 <D:/Dropbox/Omat/DSc/Wos/bibx_report/report_files/bibx_report_bar-author-count
.pdf>] [6

] [7] [8


] <report_files/bibx_report_net-coauthorships.pdf, id=181, 505.89pt x 505.89pt>
File: report_files/bibx_report_net-coauthorships.pdf Graphic file (type pdf)
<use report_files/bibx_report_net-coauthorships.pdf>
Package pdftex.def Info: report_files/bibx_report_net-coauthorships.pdf used on
 input line 356.
(pdftex.def)             Requested size: 517.5pt x 517.51393pt.
[9 <D:/Dropbox/Omat/DSc/Wos/bibx_report/report_files/bibx_report_net-coauthorsh
ips.pdf>] [10


] [11] [12] [13] <report_files/bibx_report_net-country-ties.pdf, id=222, 505.89
pt x 505.89pt>
File: report_files/bibx_report_net-country-ties.pdf Graphic file (type pdf)
<use report_files/bibx_report_net-country-ties.pdf>
Package pdftex.def Info: report_files/bibx_report_net-country-ties.pdf used on 
input line 599.
(pdftex.def)             Requested size: 517.5pt x 517.51393pt.
[14 <D:/Dropbox/Omat/DSc/Wos/bibx_report/report_files/bibx_report_net-country-t
ies.pdf>]
<report_files/bibx_report_net-country-ties-states.pdf, id=257, 505.89pt x 505.8
9pt>
File: report_files/bibx_report_net-country-ties-states.pdf Graphic file (type p
df)
<use report_files/bibx_report_net-country-ties-states.pdf>
Package pdftex.def Info: report_files/bibx_report_net-country-ties-states.pdf u
sed on input line 608.
(pdftex.def)             Requested size: 517.5pt x 517.51393pt.
[15 <D:/Dropbox/Omat/DSc/Wos/bibx_report/report_files/bibx_report_net-country-t
ies-states.pdf>]
<report_files/bibx_report_net-country-ties-states-zips.pdf, id=290, 505.89pt x 
505.89pt>
File: report_files/bibx_report_net-country-ties-states-zips.pdf Graphic file (t
ype pdf)
<use report_files/bibx_report_net-country-ties-states-zips.pdf>
Package pdftex.def Info: report_files/bibx_report_net-country-ties-states-zips.
pdf used on input line 617.
(pdftex.def)             Requested size: 517.5pt x 517.51393pt.
[16 <D:/Dropbox/Omat/DSc/Wos/bibx_report/report_files/bibx_report_net-country-t
ies-states-zips.pdf>] [17]
<report_files/bibx_report_net-institutional-ties.pdf, id=327, 505.89pt x 505.89
pt>
File: report_files/bibx_report_net-institutional-ties.pdf Graphic file (type pd
f)
<use report_files/bibx_report_net-institutional-ties.pdf>
Package pdftex.def Info: report_files/bibx_report_net-institutional-ties.pdf us
ed on input line 684.
(pdftex.def)             Requested size: 517.5pt x 517.51393pt.
[18 <D:/Dropbox/Omat/DSc/Wos/bibx_report/report_files/bibx_report_net-instituti
onal-ties.pdf>] [19









] [20] <report_files/bibx_report_net-categories.pdf, id=358, 505.89pt x 505.89p
t>
File: report_files/bibx_report_net-categories.pdf Graphic file (type pdf)
<use report_files/bibx_report_net-categories.pdf>
Package pdftex.def Info: report_files/bibx_report_net-categories.pdf used on in
put line 804.
(pdftex.def)             Requested size: 517.5pt x 517.51393pt.
[21 <D:/Dropbox/Omat/DSc/Wos/bibx_report/report_files/bibx_report_net-categorie
s.pdf>] [22]
<report_files/bibx_report_net-categories-weighted.pdf, id=397, 505.89pt x 505.8
9pt>
File: report_files/bibx_report_net-categories-weighted.pdf Graphic file (type p
df)
<use report_files/bibx_report_net-categories-weighted.pdf>
Package pdftex.def Info: report_files/bibx_report_net-categories-weighted.pdf u
sed on input line 864.
(pdftex.def)             Requested size: 517.5pt x 517.51393pt.
[23 <D:/Dropbox/Omat/DSc/Wos/bibx_report/report_files/bibx_report_net-categorie
s-weighted.pdf>] [24





] <report_files/bibx_report_net-areas.pdf, id=447, 505.89pt x 505.89pt>
File: report_files/bibx_report_net-areas.pdf Graphic file (type pdf)
<use report_files/bibx_report_net-areas.pdf>
Package pdftex.def Info: report_files/bibx_report_net-areas.pdf used on input l
ine 912.
(pdftex.def)             Requested size: 517.5pt x 517.51393pt.
[25 <D:/Dropbox/Omat/DSc/Wos/bibx_report/report_files/bibx_report_net-areas.pdf
>] [26


]
<report_files/bibx_report_net-areas-weighted.pdf, id=484, 505.89pt x 505.89pt>
File: report_files/bibx_report_net-areas-weighted.pdf Graphic file (type pdf)
<use report_files/bibx_report_net-areas-weighted.pdf>
Package pdftex.def Info: report_files/bibx_report_net-areas-weighted.pdf used o
n input line 960.
(pdftex.def)             Requested size: 517.5pt x 517.51393pt.
[27 <D:/Dropbox/Omat/DSc/Wos/bibx_report/report_files/bibx_report_net-areas-wei
ghted.pdf>] [28


]
<report_files/bibx_report_net-keywords-author-relatedness.pdf, id=531, 505.89pt
 x 505.89pt>
File: report_files/bibx_report_net-keywords-author-relatedness.pdf Graphic file
 (type pdf)
<use report_files/bibx_report_net-keywords-author-relatedness.pdf>
Package pdftex.def Info: report_files/bibx_report_net-keywords-author-relatedne
ss.pdf used on input line 1029.
(pdftex.def)             Requested size: 517.5pt x 517.51393pt.
[29 <D:/Dropbox/Omat/DSc/Wos/bibx_report/report_files/bibx_report_net-keywords-
author-relatedness.pdf>] [30]
<report_files/bibx_report_net-keywords-plus-relatedness.pdf, id=571, 505.89pt x
 505.89pt>
File: report_files/bibx_report_net-keywords-plus-relatedness.pdf Graphic file (
type pdf)
<use report_files/bibx_report_net-keywords-plus-relatedness.pdf>
Package pdftex.def Info: report_files/bibx_report_net-keywords-plus-relatedness
.pdf used on input line 1096.
(pdftex.def)             Requested size: 517.5pt x 517.51393pt.
[31 <D:/Dropbox/Omat/DSc/Wos/bibx_report/report_files/bibx_report_net-keywords-
plus-relatedness.pdf>] [32




] [33] [34] <report_files/bibx_report_net-cocitations.pdf, id=657, 505.89pt x 5
05.89pt>
File: report_files/bibx_report_net-cocitations.pdf Graphic file (type pdf)
<use report_files/bibx_report_net-cocitations.pdf>
Package pdftex.def Info: report_files/bibx_report_net-cocitations.pdf used on i
nput line 1281.
(pdftex.def)             Requested size: 517.5pt x 517.51393pt.
[35 <D:/Dropbox/Omat/DSc/Wos/bibx_report/report_files/bibx_report_net-cocitatio
ns.pdf>] [36




] [37

] [38] [39] [40] [41]
Underfull \hbox (badness 10000) in paragraph at lines 1317--1319

 []

[42

] [43] [44] [45] [46]
Underfull \hbox (badness 10000) in paragraph at lines 1330--1332

 []

[47

] [48] [49

] [50] [51] [52] [53

] [54

] [55

] [56] [57] [58] [59] [60] [61] [62] [63

] [64] [65] [66] [67] [68] [69] [70] [71]
Package atveryend Info: Empty hook `BeforeClearDocument' on input line 1382.
Package atveryend Info: Empty hook `AfterLastShipout' on input line 1382.
(D:\Dropbox\Omat\DSc\Wos\bibx_report\bibx_report.aux)
Package atveryend Info: Executing hook `AtVeryEndDocument' on input line 1382.
Package atveryend Info: Executing hook `AtEndAfterFileList' on input line 1382.

Package rerunfilecheck Info: File `bibx_report.out' has not changed.
(rerunfilecheck)             Checksum: 12A96FDA269D3946208F8433200E4672;858.
 ) 
Here is how much of TeX's memory you used:
 7155 strings out of 493673
 105999 string characters out of 3143960
 356909 words of memory out of 3000000
 10274 multiletter control sequences out of 15000+200000
 9462 words of font info for 33 fonts, out of 3000000 for 9000
 1025 hyphenation exceptions out of 8191
 35i,12n,37p,18270b,444s stack positions out of 5000i,500n,10000p,200000b,50000s
<C:/Program Files/MiKTeX 2.9/fonts/type1/public/amsfonts/cm/cmbx10.pfb><C:/Pr
ogram Files/MiKTeX 2.9/fonts/type1/public/amsfonts/cm/cmbx12.pfb><C:/Program Fi
les/MiKTeX 2.9/fonts/type1/public/amsfonts/cm/cmcsc10.pfb><C:/Program Files/MiK
TeX 2.9/fonts/type1/public/amsfonts/cm/cmmi10.pfb><C:/Program Files/MiKTeX 2.9/
fonts/type1/public/amsfonts/cm/cmr10.pfb><C:/Program Files/MiKTeX 2.9/fonts/typ
e1/public/amsfonts/cm/cmr12.pfb><C:/Program Files/MiKTeX 2.9/fonts/type1/public
/amsfonts/cm/cmr6.pfb><C:/Program Files/MiKTeX 2.9/fonts/type1/public/amsfonts/
cm/cmr8.pfb><C:/Program Files/MiKTeX 2.9/fonts/type1/public/amsfonts/cm/cmti12.
pfb>
Output written on D:/Dropbox/Omat/DSc/Wos/bibx_report/bibx_report.pdf (74 pages
, 507453 bytes).
PDF statistics:
 949 PDF objects out of 1000 (max. 8388607)
 128 named destinations out of 1000 (max. 500000)
 196 words of extra memory for PDF output out of 10000 (max. 10000000)

